{"uuid":"71d51e4f-0d2d-4929-8a53-c7ebf93c118a","historyId":"67778281a5243aab5074485b3616a567","labels":[{"name":"feature","value":"загрузка файлов в категонию Продукты"},{"name":"story","value":"Проверяем загрузку файлов"},{"name":"tag","value":"prod"},{"name":"host","value":"comp"},{"name":"package","value":"загрузка файлов в категонию Продукты"},{"name":"suite","value":"загрузка файлов в категонию Продукты"},{"name":"testClass","value":"Проверяем загрузку файлов"},{"name":"thread","value":"12756@comp.main(1)"}],"links":[],"name":"Проверяем загрузку файлов","status":"failed","statusDetails":{"known":false,"muted":false,"flaky":false,"message":"Element not found {by text: Все категории}\nExpected: visible or transparent","trace":"Element not found {by text: Все категории}\nExpected: visible or transparent\nScreenshot: file:/C:/Users/Сергей/Desktop/project/cucumber-selenide-selenoid-example/build/reports/tests/1572550678056.0.png\nPage source: file:/C:/Users/Сергей/Desktop/project/cucumber-selenide-selenoid-example/build/reports/tests/1572550678056.0.html\nTimeout: 20 s.\nCaused by: NoSuchElementException: Unable to find element with xpath == .//*/text()[normalize-space(translate(string(.), '\r\n\tat com.codeborne.selenide.impl.WebElementSource.createElementNotFoundError(WebElementSource.java:37)\r\n\tat com.codeborne.selenide.impl.ElementFinder.createElementNotFoundError(ElementFinder.java:100)\r\n\tat com.codeborne.selenide.impl.WebElementSource.checkCondition(WebElementSource.java:65)\r\n\tat com.codeborne.selenide.impl.WebElementSource.findAndAssertElementIsInteractable(WebElementSource.java:87)\r\n\tat com.codeborne.selenide.commands.Click.execute(Click.java:13)\r\n\tat com.codeborne.selenide.commands.Click.execute(Click.java:9)\r\n\tat com.codeborne.selenide.commands.Commands.execute(Commands.java:144)\r\n\tat com.codeborne.selenide.impl.SelenideElementProxy.dispatchAndRetry(SelenideElementProxy.java:99)\r\n\tat com.codeborne.selenide.impl.SelenideElementProxy.invoke(SelenideElementProxy.java:65)\r\n\tat com.sun.proxy.$Proxy16.click(Unknown Source)\r\n\tat pages.YandexMarketCatalog.selectCategory(YandexMarketCatalog.java:13)\r\n\tat steps.YandexMarketCatalogSteps.яндекс_Маркет_каталог_Выбираем_категорию(YandexMarketCatalogSteps.java:10)\r\n\tat ✽.Яндекс Маркет каталог - Выбираем категорию \"Компьютерная техника\"(src/test/cucumber/test.feature:9)\r\nCaused by: org.openqa.selenium.NoSuchElementException: Unable to find element with xpath == .//*/text()[normalize-space(translate(string(.), '\t\n\r ', '    ')) = \"Все категории\"]/parent::* (WARNING: The server did not provide any stacktrace information)\nCommand duration or timeout: 0 milliseconds\nFor documentation on this error, please visit: https://www.seleniumhq.org/exceptions/no_such_element.html\nBuild info: version: '3.141.59', revision: 'e82be7d358', time: '2018-11-14T08:17:03'\nSystem info: host: 'COMP', ip: '192.168.11.75', os.name: 'Windows 10', os.arch: 'amd64', os.version: '10.0', java.version: '11.0.3'\nDriver info: org.openqa.selenium.ie.InternetExplorerDriver\nCapabilities {browserAttachTimeout: 0, browserName: internet explorer, cssSelectorsEnabled: true, elementScrollBehavior: 0, enableElementCacheCleanup: true, enablePersistentHover: true, handlesAlerts: true, ie.browserCommandLineSwitches: , ie.ensureCleanSession: false, ie.forceCreateProcessApi: false, ie.usePerProcessProxy: false, ignoreProtectedModeSettings: false, ignoreZoomSetting: false, initialBrowserUrl: http://localhost:43135/, javascriptEnabled: true, nativeEvents: true, platform: WINDOWS, platformName: WINDOWS, requireWindowFocus: false, takesScreenshot: true, unexpectedAlertBehaviour: dismiss, unhandledPromptBehavior: dismiss, version: 11}\nSession ID: 13bde1c5-1e6e-4ab7-8cf5-412b568618f6\n*** Element info: {Using=xpath, value=.//*/text()[normalize-space(translate(string(.), '\t\n\r ', '    ')) = \"Все категории\"]/parent::*}\r\n\tat jdk.internal.reflect.GeneratedConstructorAccessor8.newInstance(Unknown Source)\r\n\tat java.base/jdk.internal.reflect.DelegatingConstructorAccessorImpl.newInstance(DelegatingConstructorAccessorImpl.java:45)\r\n\tat java.base/java.lang.reflect.Constructor.newInstance(Constructor.java:490)\r\n\tat org.openqa.selenium.remote.ErrorHandler.createThrowable(ErrorHandler.java:214)\r\n\tat org.openqa.selenium.remote.ErrorHandler.throwIfResponseFailed(ErrorHandler.java:166)\r\n\tat org.openqa.selenium.remote.http.JsonHttpResponseCodec.reconstructValue(JsonHttpResponseCodec.java:40)\r\n\tat org.openqa.selenium.remote.http.AbstractHttpResponseCodec.decode(AbstractHttpResponseCodec.java:80)\r\n\tat org.openqa.selenium.remote.http.AbstractHttpResponseCodec.decode(AbstractHttpResponseCodec.java:44)\r\n\tat org.openqa.selenium.remote.HttpCommandExecutor.execute(HttpCommandExecutor.java:158)\r\n\tat org.openqa.selenium.remote.service.DriverCommandExecutor.execute(DriverCommandExecutor.java:83)\r\n\tat org.openqa.selenium.remote.RemoteWebDriver.execute(RemoteWebDriver.java:552)\r\n\tat org.openqa.selenium.remote.RemoteWebDriver.findElement(RemoteWebDriver.java:323)\r\n\tat org.openqa.selenium.remote.RemoteWebDriver.findElementByXPath(RemoteWebDriver.java:428)\r\n\tat org.openqa.selenium.By$ByXPath.findElement(By.java:353)\r\n\tat org.openqa.selenium.remote.RemoteWebDriver.findElement(RemoteWebDriver.java:315)\r\n\tat com.codeborne.selenide.impl.WebElementSelector.findElement(WebElementSelector.java:28)\r\n\tat com.codeborne.selenide.impl.ElementFinder.getWebElement(ElementFinder.java:74)\r\n\tat com.codeborne.selenide.impl.WebElementSource.checkCondition(WebElementSource.java:50)\r\n\tat com.codeborne.selenide.impl.WebElementSource.findAndAssertElementIsInteractable(WebElementSource.java:87)\r\n\tat com.codeborne.selenide.commands.Click.execute(Click.java:13)\r\n\tat com.codeborne.selenide.commands.Click.execute(Click.java:9)\r\n\tat com.codeborne.selenide.commands.Commands.execute(Commands.java:144)\r\n\tat com.codeborne.selenide.impl.SelenideElementProxy.dispatchAndRetry(SelenideElementProxy.java:99)\r\n\tat com.codeborne.selenide.impl.SelenideElementProxy.invoke(SelenideElementProxy.java:65)\r\n\tat com.sun.proxy.$Proxy16.click(Unknown Source)\r\n\tat pages.YandexMarketCatalog.selectCategory(YandexMarketCatalog.java:13)\r\n\tat steps.YandexMarketCatalogSteps.яндекс_Маркет_каталог_Выбираем_категорию(YandexMarketCatalogSteps.java:10)\r\n\tat java.base/jdk.internal.reflect.NativeMethodAccessorImpl.invoke0(Native Method)\r\n\tat java.base/jdk.internal.reflect.NativeMethodAccessorImpl.invoke(NativeMethodAccessorImpl.java:62)\r\n\tat java.base/jdk.internal.reflect.DelegatingMethodAccessorImpl.invoke(DelegatingMethodAccessorImpl.java:43)\r\n\tat java.base/java.lang.reflect.Method.invoke(Method.java:566)\r\n\tat cucumber.runtime.Utils$1.call(Utils.java:31)\r\n\tat cucumber.runtime.Timeout.timeout(Timeout.java:16)\r\n\tat cucumber.runtime.Utils.invoke(Utils.java:25)\r\n\tat cucumber.runtime.java.JavaStepDefinition.execute(JavaStepDefinition.java:37)\r\n\tat cucumber.runtime.StepDefinitionMatch.runStep(StepDefinitionMatch.java:40)\r\n\tat cucumber.api.TestStep.executeStep(TestStep.java:102)\r\n\tat cucumber.api.TestStep.run(TestStep.java:83)\r\n\tat cucumber.api.TestCase.run(TestCase.java:58)\r\n\tat cucumber.runner.Runner.runPickle(Runner.java:80)\r\n\tat cucumber.runtime.junit.PickleRunners$NoStepDescriptions.run(PickleRunners.java:140)\r\n\tat cucumber.runtime.junit.FeatureRunner.runChild(FeatureRunner.java:68)\r\n\tat cucumber.runtime.junit.FeatureRunner.runChild(FeatureRunner.java:23)\r\n\tat org.junit.runners.ParentRunner$3.run(ParentRunner.java:290)\r\n\tat org.junit.runners.ParentRunner$1.schedule(ParentRunner.java:71)\r\n\tat org.junit.runners.ParentRunner.runChildren(ParentRunner.java:288)\r\n\tat org.junit.runners.ParentRunner.access$000(ParentRunner.java:58)\r\n\tat org.junit.runners.ParentRunner$2.evaluate(ParentRunner.java:268)\r\n\tat org.junit.runners.ParentRunner.run(ParentRunner.java:363)\r\n\tat cucumber.runtime.junit.FeatureRunner.run(FeatureRunner.java:73)\r\n\tat cucumber.api.junit.Cucumber.runChild(Cucumber.java:118)\r\n\tat cucumber.api.junit.Cucumber.runChild(Cucumber.java:56)\r\n\tat org.junit.runners.ParentRunner$3.run(ParentRunner.java:290)\r\n\tat org.junit.runners.ParentRunner$1.schedule(ParentRunner.java:71)\r\n\tat org.junit.runners.ParentRunner.runChildren(ParentRunner.java:288)\r\n\tat org.junit.runners.ParentRunner.access$000(ParentRunner.java:58)\r\n\tat org.junit.runners.ParentRunner$2.evaluate(ParentRunner.java:268)\r\n\tat cucumber.api.junit.Cucumber$1.evaluate(Cucumber.java:127)\r\n\tat org.junit.internal.runners.statements.RunBefores.evaluate(RunBefores.java:26)\r\n\tat org.junit.internal.runners.statements.RunAfters.evaluate(RunAfters.java:27)\r\n\tat org.junit.runners.ParentRunner.run(ParentRunner.java:363)\r\n\tat org.junit.runner.JUnitCore.run(JUnitCore.java:137)\r\n\tat com.intellij.junit4.JUnit4IdeaTestRunner.startRunnerWithArgs(JUnit4IdeaTestRunner.java:68)\r\n\tat com.intellij.rt.execution.junit.IdeaTestRunner$Repeater.startRunnerWithArgs(IdeaTestRunner.java:47)\r\n\tat com.intellij.rt.execution.junit.JUnitStarter.prepareStreamsAndStart(JUnitStarter.java:242)\r\n\tat com.intellij.rt.execution.junit.JUnitStarter.main(JUnitStarter.java:70)\r\n"},"stage":"finished","start":1572550641022,"stop":1572550679291,"steps":[{"name":"Допустим  Яндекс - Открываем сайт","status":"passed","stage":"finished","start":1572550641070,"stop":1572550651659},{"name":"И  Яндекс - Переходим в Яедекс \"Маркет\"","status":"passed","stage":"finished","start":1572550651663,"stop":1572550657132},{"name":"И  Яндекс Маркет каталог - Выбираем категорию \"Компьютерная техника\"","status":"failed","stage":"finished","start":1572550657134,"stop":1572550679220},{"name":"И  Яндекс Маркет подкаталог - Выбираем подкатегорию \"Планшеты\"","status":"skipped","stage":"finished","start":1572550679265,"stop":1572550679266},{"name":"И  Яндекс Маркет подкаталог - Добавляем фильтр по производителю \"Apple\"","status":"skipped","stage":"finished","start":1572550679268,"stop":1572550679269},{"name":"И  Яндекс Маркет подкаталог - Задаем параметр поиска по цене от \"20000\" до \"35000\"","status":"skipped","stage":"finished","start":1572550679271,"stop":1572550679271},{"name":"И  Яндекс Маркет подкаталог - Запоминаем название товара под номер 2 в результате поиска","status":"skipped","stage":"finished","start":1572550679273,"stop":1572550679274},{"name":"И  Яндекс Маркет подкаталог - Осуществляем поиск по запомненному названию","status":"skipped","stage":"finished","start":1572550679276,"stop":1572550679276},{"name":"И  Яндекс Маркет подкаталог - Проверяем что наименование товара соответствует запомненному","status":"skipped","stage":"finished","start":1572550679278,"stop":1572550679279}],"parameters":[{"name":"подкатегория товара","value":"Планшеты"},{"name":"производитель","value":"Apple"},{"name":"цена от","value":"20000"},{"name":"цена до","value":"35000"},{"name":"категория товара","value":"Компьютерная техника"}]}